<?xml version="1.0" encoding="UTF-8"?>
<testng-results ignored="2" total="3" passed="0" failed="1" skipped="0">
  <reporter-output>
  </reporter-output>
  <suite started-at="2023-06-21T14:28:42 IST" name="Default suite" finished-at="2023-06-21T14:28:44 IST" duration-ms="2556">
    <groups>
    </groups>
    <test started-at="2023-06-21T14:28:42 IST" name="Default test" finished-at="2023-06-21T14:28:44 IST" duration-ms="2556">
      <class name="Script.Flipkart1">
        <test-method signature="test2()[pri:0, instance:Script.Flipkart1@793be5ca]" started-at="2023-06-21T14:28:42 IST" name="test2" finished-at="2023-06-21T14:28:44 IST" duration-ms="2484" status="FAIL">
          <exception class="org.openqa.selenium.SessionNotCreatedException">
            <message>
              <![CDATA[session not created
from no such execution context: uniqueContextId not found
  (Session info: chrome=114.0.5735.134)
Build info: version: '3.141.59', revision: 'e82be7d358', time: '2018-11-14T08:17:03'
System info: host: 'DESKTOP-L7E7ROD', ip: '192.168.62.197', os.name: 'Windows 10', os.arch: 'amd64', os.version: '10.0', java.version: '17.0.6'
Driver info: driver.version: ChromeDriver
remote stacktrace: Backtrace:
GetHandleVerifier [0x0104A813+48355]
(No symbol) [0x00FDC4B1]
(No symbol) [0x00EE5358]
(No symbol) [0x00ED89B0]
(No symbol) [0x00ED7138]
(No symbol) [0x00ED77AA]
(No symbol) [0x00EE8417]
(No symbol) [0x00EE99E1]
(No symbol) [0x00EE9A80]
(No symbol) [0x00F31F1B]
(No symbol) [0x00F3093C]
(No symbol) [0x00F2A536]
(No symbol) [0x00F082DC]
(No symbol) [0x00F093DD]
GetHandleVerifier [0x012AAABD+2539405]
GetHandleVerifier [0x012EA78F+2800735]
GetHandleVerifier [0x012E456C+2775612]
GetHandleVerifier [0x010D51E0+616112]
(No symbol) [0x00FE5F8C]
(No symbol) [0x00FE2328]
(No symbol) [0x00FE240B]
(No symbol) [0x00FD4FF7]
BaseThreadInitThunk [0x77CF00C9+25]
RtlGetAppContainerNamedObjectPath [0x77E67B4E+286]
RtlGetAppContainerNamedObjectPath [0x77E67B1E+238]
]]>
            </message>
            <full-stacktrace>
              <![CDATA[org.openqa.selenium.SessionNotCreatedException: session not created
from no such execution context: uniqueContextId not found
  (Session info: chrome=114.0.5735.134)
Build info: version: '3.141.59', revision: 'e82be7d358', time: '2018-11-14T08:17:03'
System info: host: 'DESKTOP-L7E7ROD', ip: '192.168.62.197', os.name: 'Windows 10', os.arch: 'amd64', os.version: '10.0', java.version: '17.0.6'
Driver info: driver.version: ChromeDriver
remote stacktrace: Backtrace:
GetHandleVerifier [0x0104A813+48355]
(No symbol) [0x00FDC4B1]
(No symbol) [0x00EE5358]
(No symbol) [0x00ED89B0]
(No symbol) [0x00ED7138]
(No symbol) [0x00ED77AA]
(No symbol) [0x00EE8417]
(No symbol) [0x00EE99E1]
(No symbol) [0x00EE9A80]
(No symbol) [0x00F31F1B]
(No symbol) [0x00F3093C]
(No symbol) [0x00F2A536]
(No symbol) [0x00F082DC]
(No symbol) [0x00F093DD]
GetHandleVerifier [0x012AAABD+2539405]
GetHandleVerifier [0x012EA78F+2800735]
GetHandleVerifier [0x012E456C+2775612]
GetHandleVerifier [0x010D51E0+616112]
(No symbol) [0x00FE5F8C]
(No symbol) [0x00FE2328]
(No symbol) [0x00FE240B]
(No symbol) [0x00FD4FF7]
BaseThreadInitThunk [0x77CF00C9+25]
RtlGetAppContainerNamedObjectPath [0x77E67B4E+286]
RtlGetAppContainerNamedObjectPath [0x77E67B1E+238]

at java.base/jdk.internal.reflect.NativeConstructorAccessorImpl.newInstance0(Native Method)
at java.base/jdk.internal.reflect.NativeConstructorAccessorImpl.newInstance(NativeConstructorAccessorImpl.java:77)
at java.base/jdk.internal.reflect.DelegatingConstructorAccessorImpl.newInstance(DelegatingConstructorAccessorImpl.java:45)
at java.base/java.lang.reflect.Constructor.newInstanceWithCaller(Constructor.java:499)
at java.base/java.lang.reflect.Constructor.newInstance(Constructor.java:480)
at org.openqa.selenium.remote.W3CHandshakeResponse.lambda$errorHandler$0(W3CHandshakeResponse.java:62)
at org.openqa.selenium.remote.HandshakeResponse.lambda$getResponseFunction$0(HandshakeResponse.java:30)
at org.openqa.selenium.remote.ProtocolHandshake.lambda$createSession$0(ProtocolHandshake.java:126)
at java.base/java.util.stream.ReferencePipeline$3$1.accept(ReferencePipeline.java:197)
at java.base/java.util.Spliterators$ArraySpliterator.tryAdvance(Spliterators.java:1002)
at java.base/java.util.stream.ReferencePipeline.forEachWithCancel(ReferencePipeline.java:129)
at java.base/java.util.stream.AbstractPipeline.copyIntoWithCancel(AbstractPipeline.java:527)
at java.base/java.util.stream.AbstractPipeline.copyInto(AbstractPipeline.java:513)
at java.base/java.util.stream.AbstractPipeline.wrapAndCopyInto(AbstractPipeline.java:499)
at java.base/java.util.stream.FindOps$FindOp.evaluateSequential(FindOps.java:150)
at java.base/java.util.stream.AbstractPipeline.evaluate(AbstractPipeline.java:234)
at java.base/java.util.stream.ReferencePipeline.findFirst(ReferencePipeline.java:647)
at org.openqa.selenium.remote.ProtocolHandshake.createSession(ProtocolHandshake.java:128)
at org.openqa.selenium.remote.ProtocolHandshake.createSession(ProtocolHandshake.java:74)
at org.openqa.selenium.remote.HttpCommandExecutor.execute(HttpCommandExecutor.java:136)
at org.openqa.selenium.remote.service.DriverCommandExecutor.execute(DriverCommandExecutor.java:83)
at org.openqa.selenium.remote.RemoteWebDriver.execute(RemoteWebDriver.java:552)
at org.openqa.selenium.remote.RemoteWebDriver.startSession(RemoteWebDriver.java:213)
at org.openqa.selenium.remote.RemoteWebDriver.<init>(RemoteWebDriver.java:131)
at org.openqa.selenium.chrome.ChromeDriver.<init>(ChromeDriver.java:181)
at org.openqa.selenium.chrome.ChromeDriver.<init>(ChromeDriver.java:168)
at org.openqa.selenium.chrome.ChromeDriver.<init>(ChromeDriver.java:123)
at Script.Flipkart1.test2(Flipkart1.java:105)
at java.base/jdk.internal.reflect.NativeMethodAccessorImpl.invoke0(Native Method)
at java.base/jdk.internal.reflect.NativeMethodAccessorImpl.invoke(NativeMethodAccessorImpl.java:77)
at java.base/jdk.internal.reflect.DelegatingMethodAccessorImpl.invoke(DelegatingMethodAccessorImpl.java:43)
at java.base/java.lang.reflect.Method.invoke(Method.java:568)
at org.testng.internal.MethodInvocationHelper.invokeMethod(MethodInvocationHelper.java:133)
at org.testng.internal.TestInvoker.invokeMethod(TestInvoker.java:598)
at org.testng.internal.TestInvoker.invokeTestMethod(TestInvoker.java:173)
at org.testng.internal.MethodRunner.runInSequence(MethodRunner.java:46)
at org.testng.internal.TestInvoker$MethodInvocationAgent.invoke(TestInvoker.java:824)
at org.testng.internal.TestInvoker.invokeTestMethods(TestInvoker.java:146)
at org.testng.internal.TestMethodWorker.invokeTestMethods(TestMethodWorker.java:146)
at org.testng.internal.TestMethodWorker.run(TestMethodWorker.java:128)
at java.base/java.util.ArrayList.forEach(ArrayList.java:1511)
at org.testng.TestRunner.privateRun(TestRunner.java:794)
at org.testng.TestRunner.run(TestRunner.java:596)
at org.testng.SuiteRunner.runTest(SuiteRunner.java:377)
at org.testng.SuiteRunner.runSequentially(SuiteRunner.java:371)
at org.testng.SuiteRunner.privateRun(SuiteRunner.java:332)
at org.testng.SuiteRunner.run(SuiteRunner.java:276)
at org.testng.SuiteRunnerWorker.runSuite(SuiteRunnerWorker.java:53)
at org.testng.SuiteRunnerWorker.run(SuiteRunnerWorker.java:96)
at org.testng.TestNG.runSuitesSequentially(TestNG.java:1212)
at org.testng.TestNG.runSuitesLocally(TestNG.java:1134)
at org.testng.TestNG.runSuites(TestNG.java:1063)
at org.testng.TestNG.run(TestNG.java:1031)
at org.testng.remote.AbstractRemoteTestNG.run(AbstractRemoteTestNG.java:115)
at org.testng.remote.RemoteTestNG.initAndRun(RemoteTestNG.java:251)
at org.testng.remote.RemoteTestNG.main(RemoteTestNG.java:77)
]]>
            </full-stacktrace>
          </exception> <!-- org.openqa.selenium.SessionNotCreatedException -->
          <reporter-output>
          </reporter-output>
        </test-method> <!-- test2 -->
      </class> <!-- Script.Flipkart1 -->
    </test> <!-- Default test -->
  </suite> <!-- Default suite -->
</testng-results>
